Crashlog created at 2014-02-14 01:53:25 -0500

===== MESSAGE:

RuntimeError: command exited with a nonzero status code 255 (command: rsync -glpPrtvz --exclude=".hg" --exclude=".svn" --exclude=".git" output/ manileny@helloweb.ca:home3/manileny/public_html/helloweb)

===== COMPILATION STACK:

  (empty)

===== STACK TRACE:

  0. /Users/Nalen/.rvm/gems/ruby-2.0.0-p353@global/gems/nanoc-3.6.7/lib/nanoc/extra/deployers/rsync.rb:60:in `run_shell_cmd'
  1. /Users/Nalen/.rvm/gems/ruby-2.0.0-p353@global/gems/nanoc-3.6.7/lib/nanoc/extra/deployers/rsync.rb:50:in `run'
  2. /Users/Nalen/.rvm/gems/ruby-2.0.0-p353@global/gems/nanoc-3.6.7/lib/nanoc/cli/commands/deploy.rb:89:in `run'
  3. /Users/Nalen/.rvm/gems/ruby-2.0.0-p353@global/gems/nanoc-3.6.7/lib/nanoc/cli/command_runner.rb:14:in `block in call'
  4. /Users/Nalen/.rvm/gems/ruby-2.0.0-p353@global/gems/nanoc-3.6.7/lib/nanoc/cli/error_handler.rb:70:in `handle_while'
  5. /Users/Nalen/.rvm/gems/ruby-2.0.0-p353@global/gems/nanoc-3.6.7/lib/nanoc/cli/error_handler.rb:26:in `handle_while'
  6. /Users/Nalen/.rvm/gems/ruby-2.0.0-p353@global/gems/nanoc-3.6.7/lib/nanoc/cli/command_runner.rb:13:in `call'
  7. /Users/Nalen/.rvm/gems/ruby-2.0.0-p353@global/gems/cri-2.4.1/lib/cri/command_dsl.rb:185:in `block in runner'
  8. /Users/Nalen/.rvm/gems/ruby-2.0.0-p353@global/gems/cri-2.4.1/lib/cri/command.rb:298:in `call'
  9. /Users/Nalen/.rvm/gems/ruby-2.0.0-p353@global/gems/cri-2.4.1/lib/cri/command.rb:298:in `run_this'
  10. /Users/Nalen/.rvm/gems/ruby-2.0.0-p353@global/gems/cri-2.4.1/lib/cri/command.rb:251:in `run'
  11. /Users/Nalen/.rvm/gems/ruby-2.0.0-p353@global/gems/cri-2.4.1/lib/cri/command.rb:264:in `run'
  12. /Users/Nalen/.rvm/gems/ruby-2.0.0-p353@global/gems/nanoc-3.6.7/lib/nanoc/cli.rb:59:in `block in run'
  13. /Users/Nalen/.rvm/gems/ruby-2.0.0-p353@global/gems/nanoc-3.6.7/lib/nanoc/cli/error_handler.rb:70:in `handle_while'
  14. /Users/Nalen/.rvm/gems/ruby-2.0.0-p353@global/gems/nanoc-3.6.7/lib/nanoc/cli/error_handler.rb:26:in `handle_while'
  15. /Users/Nalen/.rvm/gems/ruby-2.0.0-p353@global/gems/nanoc-3.6.7/lib/nanoc/cli.rb:57:in `run'
  16. /Users/Nalen/.rvm/gems/ruby-2.0.0-p353@global/gems/nanoc-3.6.7/bin/nanoc:19:in `<top (required)>'
  17. /Users/Nalen/.rvm/rubies/ruby-2.0.0-p353/bin/nanoc:23:in `load'
  18. /Users/Nalen/.rvm/rubies/ruby-2.0.0-p353/bin/nanoc:23:in `<main>'
  19. /Users/Nalen/.rvm/gems/ruby-2.0.0-p353@railstutorial_rails_4_0/bin/ruby_executable_hooks:15:in `eval'
  ... 22 more lines omitted. See full crash log for details.

===== VERSION INFORMATION:

nanoc 3.6.7 © 2007-2013 Denis Defreyne.
Running ruby 2.0.0 (2013-11-22) on x86_64-darwin13.0.0 with RubyGems 2.1.11.

===== SYSTEM INFORMATION:

Darwin nalens-mac-pro.local 13.0.0 Darwin Kernel Version 13.0.0: Thu Sep 19 22:22:27 PDT 2013; root:xnu-2422.1.72~6/RELEASE_X86_64 x86_64

===== INSTALLED GEMS:

  actionmailer 4.0.2
  actionpack 4.0.2
  activemodel 4.0.2
  activerecord 4.0.2
  activerecord-deprecated_finders 1.0.3
  activesupport 3.2.13, 3.2.16, 4.0.2
  adsf 1.2.0
  allison 2.0.3
  arel 4.0.1, 4.0.2
  atomic 1.1.14
  bcrypt-ruby 3.1.2
  bigdecimal 1.2.0
  blankslate 2.1.2.4
  bootstrap-sass 3.0.0.0
  builder 3.1.4
  bundler 1.5.0, 1.5.2
  bundler-unload 1.0.2
  capybara 2.1.0
  celluloid 0.15.2
  childprocess 0.3.6, 0.4.0
  chunky_png 1.2.8, 1.2.9
  classifier 1.3.4
  coderay 1.1.0
  coffee-rails 4.0.0, 4.0.1
  coffee-script 2.2.0
  coffee-script-source 1.3.3, 1.6.3, 1.7.0
  colorator 0.1
  colored 1.2
  commander 4.1.5
  compass 0.12.2
  cri 2.4.1
  diff-lcs 1.2.5
  echoe 4.6.5
  em-websocket 0.5.0
  erubis 2.7.0
  eventmachine 1.0.3
  execjs 1.4.0, 2.0.2
  executable-hooks 1.2.6
  fast-stemmer 1.0.2
  ffi 1.9.3
  formatador 0.2.4
  fssm 0.2.10
  gem-wrappers 1.2.1, 1.2.4
  glynn 1.0.11
  guard 2.3.0
  guard-rspec 2.5.0
  guard-spork 1.5.0
  haml 4.0.2, 4.0.5
  highline 1.6.20
  hike 1.2.1, 1.2.3
  http_parser.rb 0.5.3
  http_router 0.10.2
  i18n 0.6.1, 0.6.9
  io-console 0.4.2
  jbuilder 1.0.2, 1.5.3
  jekyll 1.4.3
  jquery-rails 3.0.4, 3.1.0
  json 1.7.7, 1.8.1
  json_pure 1.8.1
  kramdown 1.3.1
  liquid 2.5.5
  listen 0.7.3, 1.3.1, 2.4.0
  lumberjack 1.0.4
  mail 2.5.4
  maruku 0.6.1, 0.7.1
  method_source 0.8.2
  middleman 3.0.14, 3.2.2
  middleman-core 3.0.14, 3.2.2
  middleman-livereload 3.0.1, 3.1.1
  middleman-more 3.0.14
  middleman-sprockets 3.1.1, 3.2.0
  mime-types 1.25.1
  mini_portile 0.5.2
  minitest 4.3.2, 4.7.5
  multi_json 1.7.3, 1.8.4
  nanoc 3.6.7
  nokogiri 1.6.1
  padrino-core 0.10.7
  padrino-helpers 0.10.7
  parslet 1.5.0
  pg 0.17.1
  polyglot 0.3.3
  posix-spawn 0.3.8
  pry 0.9.12.4
  psych 2.0.0
  pygments.rb 0.5.4
  rack 1.4.5, 1.5.2
  rack-livereload 0.3.13, 0.3.15
  rack-protection 1.5.0
  rack-test 0.6.2
  rails 4.0.2
  rails_12factor 0.0.2
  rails_serve_static_assets 0.0.2
  rails_stdout_logging 0.0.3
  railties 4.0.2
  rake 0.9.6, 10.1.1
  rb-fsevent 0.9.3, 0.9.4
  rb-inotify 0.9.3
  rb-kqueue 0.2.0
  rdoc 3.12.2, 4.0.0, 4.1.1
  redcarpet 2.3.0
  rspec 2.13.0, 2.14.1
  rspec-core 2.13.1, 2.14.7
  rspec-expectations 2.13.0, 2.14.4
  rspec-mocks 2.13.1, 2.14.4
  rspec-rails 2.13.1
  rubyforge 2.0.4
  rubygems-bundler 1.4.2
  rubyzip 0.9.9
  rvm 1.11.3.8
  safe_yaml 0.9.7
  sass 3.2.9, 3.2.13, 3.2.14
  sass-rails 4.0.1
  sdoc 0.3.20, 0.4.0
  selenium-webdriver 2.35.1
  sinatra 1.3.4
  slop 3.4.7
  spork 1.0.0rc4
  spork-rails 4.0.0
  sprockets 2.8.2, 2.10.1
  sprockets-helpers 1.0.1
  sprockets-rails 2.0.1
  sprockets-sass 1.0.1, 1.0.2
  sqlite3 1.3.8
  susy 1.0.9
  syntax 1.0.0
  systemu 2.6.1
  test-unit 2.0.0.0
  thor 0.15.4, 0.18.1
  thread_safe 0.1.3
  tilt 1.3.7, 1.4.1
  timers 1.1.0
  toml 0.1.0
  treetop 1.4.15
  turbolinks 1.1.1, 2.2.0, 2.2.1
  tzinfo 0.3.38
  uglifier 1.2.6, 2.1.1, 2.4.0
  url_mount 0.2.1
  websocket 1.0.7
  xpath 2.0.0
  yajl-ruby 1.1.0

===== ENVIRONMENT:

Apple_PubSub_Socket_Render => "/tmp/launch-Aim2Hm/Render"
DISPLAY => "/tmp/launch-IpSJSS/org.macosforge.xquartz:0"
GEM_HOME => "/Users/Nalen/.rvm/gems/ruby-2.0.0-p353@railstutorial_rails_4_0"
GEM_PATH => "/Users/Nalen/.rvm/gems/ruby-2.0.0-p353@railstutorial_rails_4_0:/Users/Nalen/.rvm/gems/ruby-2.0.0-p353@global"
GREP_COLOR => "1;32"
GREP_OPTIONS => "--color=auto"
HOME => "/Users/Nalen"
IRBRC => "/Users/Nalen/.rvm/rubies/ruby-2.0.0-p353/.irbrc"
LANG => "en_CA.UTF-8"
LC_CTYPE => "en_CA.UTF-8"
LESS => "-R"
LOGNAME => "Nalen"
LSCOLORS => "Gxfxcxdxbxegedabagacad"
MY_RUBY_HOME => "/Users/Nalen/.rvm/rubies/ruby-2.0.0-p353"
OLDPWD => "/Users/Nalen/desktop"
PAGER => "less"
PATH => "/Users/Nalen/.rbenv/shims:/Users/Nalen/.rbenv/bin:/opt/local/bin:/opt/local/sbin:/usr/local/bin:/Users/Nalen/.rvm/gems/ruby-2.0.0-p353@railstutorial_rails_4_0/bin:/Users/Nalen/.rvm/gems/ruby-2.0.0-p353@global/bin:/Users/Nalen/.rvm/rubies/ruby-2.0.0-p353/bin:/usr/local/mysql/bin:/usr/bin:/bin:/usr/sbin:/sbin:/usr/local/bin:/opt/X11/bin:/Users/Nalen/.rvm/bin:/usr/local/bin:/usr/local/share/npm/bin"
PWD => "/Users/Nalen/desktop/tutorial"
SHELL => "/bin/zsh"
SHLVL => "1"
SSH_AUTH_SOCK => "/tmp/launch-csWWGE/Listeners"
TERM => "xterm-256color"
TERM_PROGRAM => "Apple_Terminal"
TERM_PROGRAM_VERSION => "326"
TERM_SESSION_ID => "2B5CEE66-E988-401D-AFE9-10194A494ED1"
TMPDIR => "/var/folders/j8/_63p9rgs4074p28c3yw6t6s80000gn/T/"
USER => "Nalen"
_ => "/Users/Nalen/.rvm/rubies/ruby-2.0.0-p353/bin/nanoc"
_ORIGINAL_GEM_PATH => "/Users/Nalen/.rvm/gems/ruby-2.0.0-p353@railstutorial_rails_4_0:/Users/Nalen/.rvm/gems/ruby-2.0.0-p353@global"
__CF_USER_TEXT_ENCODING => "0x1F5:0:0"
__CHECKFIX1436934 => "1"
_system_arch => "x86_64"
_system_name => "OSX"
_system_type => "Darwin"
_system_version => "10.9"
rvm_alias_expanded => ""
rvm_bin_path => "/Users/Nalen/.rvm/bin"
rvm_docs_type => ""
rvm_gemstone_package_file => ""
rvm_gemstone_url => ""
rvm_niceness => ""
rvm_nightly_flag => ""
rvm_path => "/Users/Nalen/.rvm"
rvm_prefix => "/Users/Nalen"
rvm_proxy => ""
rvm_quiet_flag => ""
rvm_ruby_file => ""
rvm_ruby_make => ""
rvm_ruby_make_install => ""
rvm_ruby_mode => ""
rvm_script_name => ""
rvm_sdk => ""
rvm_silent_flag => ""
rvm_version => "1.25.15 (stable)"
rvm_wrapper_name => ""

===== LOAD PATHS:

  0. /Users/Nalen/.rvm/gems/ruby-2.0.0-p353@global/gems/nanoc-3.6.7/lib
  1. /Users/Nalen/.rvm/gems/ruby-2.0.0-p353@global/gems/executable-hooks-1.2.6/lib
  2. /Users/Nalen/.rvm/gems/ruby-2.0.0-p353@global/gems/bundler-unload-1.0.2/lib
  3. /Users/Nalen/.rvm/gems/ruby-2.0.0-p353@global/gems/rubygems-bundler-1.4.2/lib
  4. /Users/Nalen/.rvm/gems/ruby-2.0.0-p353@railstutorial_rails_4_0/gems/bundler-1.5.2/lib
  5. /Users/Nalen/.rvm/gems/ruby-2.0.0-p353@global/gems/colored-1.2/lib
  6. /Users/Nalen/.rvm/gems/ruby-2.0.0-p353@global/gems/cri-2.4.1/lib
  7. /Users/Nalen/.rvm/gems/ruby-2.0.0-p353@global/gems/nanoc-3.6.7/lib
  8. /Users/Nalen/.rvm/gems/ruby-2.0.0-p353@railstutorial_rails_4_0/gems/systemu-2.6.1/lib
  9. /Users/Nalen/.rvm/rubies/ruby-2.0.0-p353/lib/ruby/site_ruby/2.0.0
  10. /Users/Nalen/.rvm/rubies/ruby-2.0.0-p353/lib/ruby/site_ruby/2.0.0/x86_64-darwin13.0.0
  11. /Users/Nalen/.rvm/rubies/ruby-2.0.0-p353/lib/ruby/site_ruby
  12. /Users/Nalen/.rvm/rubies/ruby-2.0.0-p353/lib/ruby/vendor_ruby/2.0.0
  13. /Users/Nalen/.rvm/rubies/ruby-2.0.0-p353/lib/ruby/vendor_ruby/2.0.0/x86_64-darwin13.0.0
  14. /Users/Nalen/.rvm/rubies/ruby-2.0.0-p353/lib/ruby/vendor_ruby
  15. /Users/Nalen/.rvm/rubies/ruby-2.0.0-p353/lib/ruby/2.0.0
  16. /Users/Nalen/.rvm/rubies/ruby-2.0.0-p353/lib/ruby/2.0.0/x86_64-darwin13.0.0
